[0.169s] Invoking command in '/home/borg/colcon_ws/build/turtlebot3_gazebo': CMAKE_PREFIX_PATH=${CMAKE_PREFIX_PATH}:/home/borg/colcon_ws/install/turtlebot3_fake_node /usr/bin/cmake --build /home/borg/colcon_ws/build/turtlebot3_gazebo -- -j12 -l12
[0.194s] -- Found ament_cmake: 1.3.6 (/opt/ros/humble/share/ament_cmake/cmake)
[0.368s] Traceback (most recent call last):
[0.369s]   File "/opt/ros/humble/share/ament_cmake_core/cmake/package_templates/templates_2_cmake.py", line 21, in <module>
[0.369s]     from ament_package.templates import get_environment_hook_template_path
[0.369s] ModuleNotFoundError: No module named 'ament_package'
[0.381s] [31mCMake Error at /opt/ros/humble/share/ament_cmake_core/cmake/ament_cmake_package_templates-extras.cmake:41 (message):
[0.381s]   execute_process(/usr/bin/python3.10
[0.381s]   /opt/ros/humble/share/ament_cmake_core/cmake/package_templates/templates_2_cmake.py
[0.381s]   /home/borg/colcon_ws/build/turtlebot3_gazebo/ament_cmake_package_templates/templates.cmake)
[0.381s]   returned error code 1
[0.381s] Call Stack (most recent call first):
[0.381s]   /opt/ros/humble/share/ament_cmake_core/cmake/ament_cmake_coreConfig.cmake:41 (include)
[0.382s]   /opt/ros/humble/share/ament_cmake/cmake/ament_cmake_export_dependencies-extras.cmake:15 (find_package)
[0.382s]   /opt/ros/humble/share/ament_cmake/cmake/ament_cmakeConfig.cmake:41 (include)
[0.382s]   CMakeLists.txt:22 (find_package)
[0.382s] 
[0.382s] [0m
[0.382s] -- Configuring incomplete, errors occurred!
[0.383s] See also "/home/borg/colcon_ws/build/turtlebot3_gazebo/CMakeFiles/CMakeOutput.log".
[0.385s] gmake: *** [Makefile:390: cmake_check_build_system] Error 1
[0.468s] Invoked command in '/home/borg/colcon_ws/build/turtlebot3_gazebo' returned '2': CMAKE_PREFIX_PATH=${CMAKE_PREFIX_PATH}:/home/borg/colcon_ws/install/turtlebot3_fake_node /usr/bin/cmake --build /home/borg/colcon_ws/build/turtlebot3_gazebo -- -j12 -l12
