[0.082s] Invoking command in '/home/borg/colcon_ws/build/my_simulation': CMAKE_PREFIX_PATH=${CMAKE_PREFIX_PATH}:/home/borg/colcon_ws/install/turtlebot3_fake_node /usr/bin/cmake --build /home/borg/colcon_ws/build/my_simulation -- -j12 -l12
[0.110s] -- Found ament_cmake: 1.3.6 (/opt/ros/humble/share/ament_cmake/cmake)
[0.255s] Traceback (most recent call last):
[0.256s]   File "/opt/ros/humble/share/ament_cmake_core/cmake/package_templates/templates_2_cmake.py", line 21, in <module>
[0.256s]     from ament_package.templates import get_environment_hook_template_path
[0.257s] ModuleNotFoundError: No module named 'ament_package'
[0.272s] [31mCMake Error at /opt/ros/humble/share/ament_cmake_core/cmake/ament_cmake_package_templates-extras.cmake:41 (message):
[0.273s]   execute_process(/usr/bin/python3.10
[0.273s]   /opt/ros/humble/share/ament_cmake_core/cmake/package_templates/templates_2_cmake.py
[0.273s]   /home/borg/colcon_ws/build/my_simulation/ament_cmake_package_templates/templates.cmake)
[0.273s]   returned error code 1
[0.273s] Call Stack (most recent call first):
[0.274s]   /opt/ros/humble/share/ament_cmake_core/cmake/ament_cmake_coreConfig.cmake:41 (include)
[0.274s]   /opt/ros/humble/share/ament_cmake/cmake/ament_cmake_export_dependencies-extras.cmake:15 (find_package)
[0.274s]   /opt/ros/humble/share/ament_cmake/cmake/ament_cmakeConfig.cmake:41 (include)
[0.274s]   CMakeLists.txt:22 (find_package)
[0.274s] 
[0.275s] [0m
[0.275s] -- Configuring incomplete, errors occurred!
[0.275s] See also "/home/borg/colcon_ws/build/my_simulation/CMakeFiles/CMakeOutput.log".
[0.278s] gmake: *** [Makefile:390: cmake_check_build_system] Error 1
[0.448s] Invoked command in '/home/borg/colcon_ws/build/my_simulation' returned '2': CMAKE_PREFIX_PATH=${CMAKE_PREFIX_PATH}:/home/borg/colcon_ws/install/turtlebot3_fake_node /usr/bin/cmake --build /home/borg/colcon_ws/build/my_simulation -- -j12 -l12
